<?xml version="1.0" encoding="UTF-8"?>
<testng-results skipped="0" failed="0" total="1" passed="1">
  <reporter-output>
  </reporter-output>
  <suite name="Default suite" duration-ms="44129" started-at="2018-03-14T12:53:51Z" finished-at="2018-03-14T12:54:36Z">
    <groups>
    </groups>
    <test name="Default test" duration-ms="44129" started-at="2018-03-14T12:53:51Z" finished-at="2018-03-14T12:54:36Z">
      <class name="com.Automation_CTRS.CTRS.AgentCredit_Topup">
        <test-method status="PASS" signature="setUp()[pri:0, instance:com.Automation_CTRS.CTRS.AgentCredit_Topup@6a41eaa2]" name="setUp" is-config="true" duration-ms="8513" started-at="2018-03-14T18:23:52Z" finished-at="2018-03-14T18:24:00Z">
          <reporter-output>
          </reporter-output>
        </test-method> <!-- setUp -->
        <test-method status="PASS" signature="testUntitledTestCase()[pri:0, instance:com.Automation_CTRS.CTRS.AgentCredit_Topup@6a41eaa2]" name="testUntitledTestCase" duration-ms="35079" started-at="2018-03-14T18:24:00Z" finished-at="2018-03-14T18:24:35Z">
          <reporter-output>
          </reporter-output>
        </test-method> <!-- testUntitledTestCase -->
        <test-method status="PASS" signature="tearDown()[pri:0, instance:com.Automation_CTRS.CTRS.AgentCredit_Topup@6a41eaa2]" name="tearDown" is-config="true" duration-ms="516" started-at="2018-03-14T18:24:35Z" finished-at="2018-03-14T18:24:36Z">
          <reporter-output>
          </reporter-output>
        </test-method> <!-- tearDown -->
      </class> <!-- com.Automation_CTRS.CTRS.AgentCredit_Topup -->
    </test> <!-- Default test -->
  </suite> <!-- Default suite -->
</testng-results>
