<?xml version="1.0" encoding="UTF-8"?>
<!-- Generated by org.testng.reporters.JUnitXMLReporter -->
<testsuite hostname="DESKTOP-FJB91G0" name="FirefoxTest" tests="6" failures="0" timestamp="23 Apr 2018 12:00:09 GMT" time="0.056" errors="0">
  <testcase name="@BeforeSuite Report_Browser_setUp" time="0.0" classname="com.Automation_CTRS.CTRS.TestCase1">
    <failure type="org.openqa.selenium.remote.UnreachableBrowserException" message="Error communicating with the remote browser. It may have died.
Build info: version: &amp;apos;2.48.2&amp;apos;, revision: &amp;apos;41bccdd10cf2c0560f637404c2d96164b67d9d67&amp;apos;, time: &amp;apos;2015-10-09 13:08:06&amp;apos;
System info: host: &amp;apos;DESKTOP-FJB91G0&amp;apos;, ip: &amp;apos;192.168.0.65&amp;apos;, os.name: &amp;apos;Windows 10&amp;apos;, os.arch: &amp;apos;amd64&amp;apos;, os.version: &amp;apos;10.0&amp;apos;, java.version: &amp;apos;1.8.0_171&amp;apos;
Driver info: driver.version: RemoteWebDriver">
      <![CDATA[org.openqa.selenium.remote.UnreachableBrowserException: Error communicating with the remote browser. It may have died.
Build info: version: '2.48.2', revision: '41bccdd10cf2c0560f637404c2d96164b67d9d67', time: '2015-10-09 13:08:06'
System info: host: 'DESKTOP-FJB91G0', ip: '192.168.0.65', os.name: 'Windows 10', os.arch: 'amd64', os.version: '10.0', java.version: '1.8.0_171'
Driver info: driver.version: RemoteWebDriver
	at org.openqa.selenium.remote.RemoteWebDriver.execute(RemoteWebDriver.java:641)
	at org.openqa.selenium.remote.RemoteWebDriver.get(RemoteWebDriver.java:311)
	at com.uitilityfiles.Browser.DriverStart(Browser.java:41)
	at com.uitilityfiles.Common_Ctrslogin.Ctrslogin(Common_Ctrslogin.java:20)
	at com.Automation_CTRS.CTRS.TestCase1.Report_Browser_setUp(TestCase1.java:58)
Caused by: org.apache.http.conn.HttpHostConnectException: Connect to 127.0.0.1:7055 [/127.0.0.1] failed: Connection refused: connect
	at org.apache.http.impl.conn.DefaultHttpClientConnectionOperator.connect(DefaultHttpClientConnectionOperator.java:151)
	at org.apache.http.impl.conn.PoolingHttpClientConnectionManager.connect(PoolingHttpClientConnectionManager.java:353)
	at org.apache.http.impl.execchain.MainClientExec.establishRoute(MainClientExec.java:380)
	at org.apache.http.impl.execchain.MainClientExec.execute(MainClientExec.java:236)
	at org.apache.http.impl.execchain.ProtocolExec.execute(ProtocolExec.java:184)
	at org.apache.http.impl.execchain.RetryExec.execute(RetryExec.java:88)
	at org.apache.http.impl.execchain.RedirectExec.execute(RedirectExec.java:110)
	at org.apache.http.impl.client.InternalHttpClient.doExecute(InternalHttpClient.java:184)
	at org.apache.http.impl.client.CloseableHttpClient.execute(CloseableHttpClient.java:71)
	at org.apache.http.impl.client.CloseableHttpClient.execute(CloseableHttpClient.java:55)
	at org.openqa.selenium.remote.internal.ApacheHttpClient.fallBackExecute(ApacheHttpClient.java:161)
	at org.openqa.selenium.remote.internal.ApacheHttpClient.execute(ApacheHttpClient.java:89)
	at org.openqa.selenium.remote.HttpCommandExecutor.execute(HttpCommandExecutor.java:142)
	at org.openqa.selenium.firefox.internal.NewProfileExtensionConnection.execute(NewProfileExtensionConnection.java:170)
	at org.openqa.selenium.firefox.FirefoxDriver$LazyCommandExecutor.execute(FirefoxDriver.java:380)
	at org.openqa.selenium.remote.RemoteWebDriver.execute(RemoteWebDriver.java:620)
	... 22 more
Caused by: java.net.ConnectException: Connection refused: connect
	at java.net.DualStackPlainSocketImpl.waitForConnect(Native Method)
	at java.net.DualStackPlainSocketImpl.socketConnect(DualStackPlainSocketImpl.java:85)
	at java.net.AbstractPlainSocketImpl.doConnect(AbstractPlainSocketImpl.java:350)
	at java.net.AbstractPlainSocketImpl.connectToAddress(AbstractPlainSocketImpl.java:206)
	at java.net.AbstractPlainSocketImpl.connect(AbstractPlainSocketImpl.java:188)
	at java.net.PlainSocketImpl.connect(PlainSocketImpl.java:172)
	at java.net.SocksSocketImpl.connect(SocksSocketImpl.java:392)
	at java.net.Socket.connect(Socket.java:589)
	at org.apache.http.conn.socket.PlainConnectionSocketFactory.connectSocket(PlainConnectionSocketFactory.java:74)
	at org.apache.http.impl.conn.DefaultHttpClientConnectionOperator.connect(DefaultHttpClientConnectionOperator.java:134)
	... 37 more
... Removed 18 stack frames]]>
    </failure>
  </testcase> <!-- @BeforeSuite Report_Browser_setUp -->
  <testcase name="@BeforeTest setup" time="0.0" classname="com.Automation_CTRS.CTRS.ModuleClick_test">
    <skipped/>
  </testcase> <!-- @BeforeTest setup -->
  <testcase name="@BeforeTest login" time="0.0" classname="com.Automation_CTRS.CTRS.ModuleClick_test">
    <skipped/>
  </testcase> <!-- @BeforeTest login -->
  <testcase name="@BeforeMethod beforeMethod" time="0.0" classname="com.Automation_CTRS.CTRS.TestCase1">
    <skipped/>
  </testcase> <!-- @BeforeMethod beforeMethod -->
  <testcase name="@BeforeMethod beforeMethod" time="0.0" classname="com.Automation_CTRS.CTRS.TestCase1">
    <skipped/>
  </testcase> <!-- @BeforeMethod beforeMethod -->
  <testcase name="@BeforeMethod beforeMethod" time="0.0" classname="com.Automation_CTRS.CTRS.TestCase1">
    <skipped/>
  </testcase> <!-- @BeforeMethod beforeMethod -->
  <testcase name="@AfterTest closebrowser" time="0.0" classname="com.Automation_CTRS.CTRS.ModuleClick_test">
    <skipped/>
  </testcase> <!-- @AfterTest closebrowser -->
  <testcase name="CTRSModules" time="0.016" classname="com.Automation_CTRS.CTRS.ModuleClick_test">
    <skipped/>
  </testcase> <!-- CTRSModules -->
  <testcase name="new_Booking" time="0.001" classname="com.Automation_CTRS.CTRS.TestCase1">
    <skipped/>
  </testcase> <!-- new_Booking -->
  <testcase name="Booking_Payment_confirmed" time="0.003" classname="com.Automation_CTRS.CTRS.TestCase1">
    <skipped/>
  </testcase> <!-- Booking_Payment_confirmed -->
  <testcase name="print_Eticket" time="0.001" classname="com.Automation_CTRS.CTRS.TestCase1">
    <skipped/>
  </testcase> <!-- print_Eticket -->
  <testcase name="dropDonw_randomSelect" time="0.001" classname="com.Automation_CTRS.CTRS.RandomSelectfromDropdown">
    <skipped/>
  </testcase> <!-- dropDonw_randomSelect -->
  <testcase name="elasticsearch_dropDown_randomSelect" time="0.001" classname="com.Automation_CTRS.CTRS.RandomSelectfromDropdown">
    <skipped/>
  </testcase> <!-- elasticsearch_dropDown_randomSelect -->
</testsuite> <!-- FirefoxTest -->
